2019-11-08T02:38:55.202766Z 0 [Warning] TIMESTAMP with implicit DEFAULT value is deprecated. Please use --explicit_defaults_for_timestamp server option (see documentation for more details).
2019-11-08T02:38:55.202766Z 0 [Note] --secure-file-priv is set to NULL. Operations related to importing and exporting data are disabled
2019-11-08T02:38:55.202766Z 0 [Note] MySQL (mysqld 5.7.20) starting as process 10196 ...
2019-11-08T02:38:55.218388Z 0 [Note] InnoDB: Mutexes and rw_locks use Windows interlocked functions
2019-11-08T02:38:55.234013Z 0 [Note] InnoDB: Uses event mutexes
2019-11-08T02:38:55.234013Z 0 [Note] InnoDB: Memory barrier is not used
2019-11-08T02:38:55.234013Z 0 [Note] InnoDB: Compressed tables use zlib 1.2.3
2019-11-08T02:38:55.234013Z 0 [Note] InnoDB: Number of pools: 1
2019-11-08T02:38:55.234013Z 0 [Note] InnoDB: Not using CPU crc32 instructions
2019-11-08T02:38:55.234013Z 0 [Note] InnoDB: Initializing buffer pool, total size = 128M, instances = 1, chunk size = 128M
2019-11-08T02:38:55.234013Z 0 [Note] InnoDB: Completed initialization of buffer pool
2019-11-08T02:38:55.327763Z 0 [Note] InnoDB: Highest supported file format is Barracuda.
2019-11-08T02:38:55.546503Z 0 [Note] InnoDB: Creating shared tablespace for temporary tables
2019-11-08T02:38:55.546503Z 0 [Note] InnoDB: Setting file '.\ibtmp1' size to 12 MB. Physically writing the file full; Please wait ...
2019-11-08T02:38:55.624682Z 0 [Note] InnoDB: File '.\ibtmp1' size is now 12 MB.
2019-11-08T02:38:55.640263Z 0 [Note] InnoDB: 96 redo rollback segment(s) found. 96 redo rollback segment(s) are active.
2019-11-08T02:38:55.640263Z 0 [Note] InnoDB: 32 non-redo rollback segment(s) are active.
2019-11-08T02:38:55.640263Z 0 [Note] InnoDB: Waiting for purge to start
2019-11-08T02:38:55.702808Z 0 [Note] InnoDB: 5.7.20 started; log sequence number 11825379
2019-11-08T02:38:55.702808Z 0 [Note] InnoDB: Loading buffer pool(s) from D:\SVNROOT\Bin\Mysql\data\ib_buffer_pool
2019-11-08T02:38:55.702808Z 0 [Note] Plugin 'FEDERATED' is disabled.
2019-11-08T02:38:55.718388Z 0 [Warning] Failed to set up SSL because of the following SSL library error: SSL context is not usable without certificate and private key
2019-11-08T02:38:55.718388Z 0 [Note] Server hostname (bind-address): '*'; port: 3306
2019-11-08T02:38:55.718388Z 0 [Note] IPv6 is available.
2019-11-08T02:38:55.718388Z 0 [Note]   - '::' resolves to '::';
2019-11-08T02:38:55.718388Z 0 [Note] Server socket created on IP: '::'.
2019-11-08T02:38:55.718388Z 0 [Note] InnoDB: Buffer pool(s) load completed at 191108 10:38:55
2019-11-08T02:38:56.327773Z 0 [Note] MySQL: ready for connections.
Version: '5.7.20'  socket: ''  port: 3306  MySQL Community Server (GPL)
2019-11-08T02:38:56.327773Z 0 [Note] Executing 'SELECT * FROM INFORMATION_SCHEMA.TABLES;' to get a list of tables using the deprecated partition engine. You may use the startup option '--disable-partition-engine-check' to skip this check. 
2019-11-08T02:38:56.327773Z 0 [Note] Beginning of list of non-natively partitioned tables
2019-11-08T02:38:56.687150Z 0 [Note] End of list of non-natively partitioned tables
2019-11-08T02:51:51.524706Z 0 [Note] MySQL: Normal shutdown

2019-11-08T02:51:51.524706Z 0 [Note] Giving 0 client threads a chance to die gracefully
2019-11-08T02:51:51.524706Z 0 [Note] Shutting down slave threads
2019-11-08T02:51:51.524706Z 0 [Note] Forcefully disconnecting 0 remaining clients
2019-11-08T02:51:51.524706Z 0 [Note] Binlog end
2019-11-08T02:51:51.524706Z 0 [Note] Shutting down plugin 'ngram'
2019-11-08T02:51:51.524706Z 0 [Note] Shutting down plugin 'partition'
2019-11-08T02:51:51.524706Z 0 [Note] Shutting down plugin 'BLACKHOLE'
2019-11-08T02:51:51.524706Z 0 [Note] Shutting down plugin 'ARCHIVE'
2019-11-08T02:51:51.524706Z 0 [Note] Shutting down plugin 'PERFORMANCE_SCHEMA'
2019-11-08T02:51:51.540277Z 0 [Note] Shutting down plugin 'MRG_MYISAM'
2019-11-08T02:51:51.540277Z 0 [Note] Shutting down plugin 'MyISAM'
2019-11-08T02:51:51.540277Z 0 [Note] Shutting down plugin 'INNODB_SYS_VIRTUAL'
2019-11-08T02:51:51.540277Z 0 [Note] Shutting down plugin 'INNODB_SYS_DATAFILES'
2019-11-08T02:51:51.540277Z 0 [Note] Shutting down plugin 'INNODB_SYS_TABLESPACES'
2019-11-08T02:51:51.540277Z 0 [Note] Shutting down plugin 'INNODB_SYS_FOREIGN_COLS'
2019-11-08T02:51:51.540277Z 0 [Note] Shutting down plugin 'INNODB_SYS_FOREIGN'
2019-11-08T02:51:51.540277Z 0 [Note] Shutting down plugin 'INNODB_SYS_FIELDS'
2019-11-08T02:51:51.540277Z 0 [Note] Shutting down plugin 'INNODB_SYS_COLUMNS'
2019-11-08T02:51:51.540277Z 0 [Note] Shutting down plugin 'INNODB_SYS_INDEXES'
2019-11-08T02:51:51.540277Z 0 [Note] Shutting down plugin 'INNODB_SYS_TABLESTATS'
2019-11-08T02:51:51.540277Z 0 [Note] Shutting down plugin 'INNODB_SYS_TABLES'
2019-11-08T02:51:51.540277Z 0 [Note] Shutting down plugin 'INNODB_FT_INDEX_TABLE'
2019-11-08T02:51:51.540277Z 0 [Note] Shutting down plugin 'INNODB_FT_INDEX_CACHE'
2019-11-08T02:51:51.540277Z 0 [Note] Shutting down plugin 'INNODB_FT_CONFIG'
2019-11-08T02:51:51.540277Z 0 [Note] Shutting down plugin 'INNODB_FT_BEING_DELETED'
2019-11-08T02:51:51.540277Z 0 [Note] Shutting down plugin 'INNODB_FT_DELETED'
2019-11-08T02:51:51.540277Z 0 [Note] Shutting down plugin 'INNODB_FT_DEFAULT_STOPWORD'
2019-11-08T02:51:51.540277Z 0 [Note] Shutting down plugin 'INNODB_METRICS'
2019-11-08T02:51:51.540277Z 0 [Note] Shutting down plugin 'INNODB_TEMP_TABLE_INFO'
2019-11-08T02:51:51.540277Z 0 [Note] Shutting down plugin 'INNODB_BUFFER_POOL_STATS'
2019-11-08T02:51:51.540277Z 0 [Note] Shutting down plugin 'INNODB_BUFFER_PAGE_LRU'
2019-11-08T02:51:51.540277Z 0 [Note] Shutting down plugin 'INNODB_BUFFER_PAGE'
2019-11-08T02:51:51.540277Z 0 [Note] Shutting down plugin 'INNODB_CMP_PER_INDEX_RESET'
2019-11-08T02:51:51.540277Z 0 [Note] Shutting down plugin 'INNODB_CMP_PER_INDEX'
2019-11-08T02:51:51.540277Z 0 [Note] Shutting down plugin 'INNODB_CMPMEM_RESET'
2019-11-08T02:51:51.540277Z 0 [Note] Shutting down plugin 'INNODB_CMPMEM'
2019-11-08T02:51:51.540277Z 0 [Note] Shutting down plugin 'INNODB_CMP_RESET'
2019-11-08T02:51:51.540277Z 0 [Note] Shutting down plugin 'INNODB_CMP'
2019-11-08T02:51:51.540277Z 0 [Note] Shutting down plugin 'INNODB_LOCK_WAITS'
2019-11-08T02:51:51.540277Z 0 [Note] Shutting down plugin 'INNODB_LOCKS'
2019-11-08T02:51:51.540277Z 0 [Note] Shutting down plugin 'INNODB_TRX'
2019-11-08T02:51:51.540277Z 0 [Note] Shutting down plugin 'InnoDB'
2019-11-08T02:51:51.540277Z 0 [Note] InnoDB: FTS optimize thread exiting.
2019-11-08T02:51:51.540277Z 0 [Note] InnoDB: Starting shutdown...
2019-11-08T02:51:51.649706Z 0 [Note] InnoDB: Dumping buffer pool(s) to D:\SVNROOT\Bin\Mysql\data\ib_buffer_pool
2019-11-08T02:51:51.649706Z 0 [Note] InnoDB: Buffer pool(s) dump completed at 191108 10:51:51
2019-11-08T02:51:52.571590Z 0 [Note] InnoDB: Shutdown completed; log sequence number 11862251
2019-11-08T02:51:52.571590Z 0 [Note] InnoDB: Removed temporary tablespace data file: "ibtmp1"
2019-11-08T02:51:52.571590Z 0 [Note] Shutting down plugin 'MEMORY'
2019-11-08T02:51:52.571590Z 0 [Note] Shutting down plugin 'CSV'
2019-11-08T02:51:52.571590Z 0 [Note] Shutting down plugin 'sha256_password'
2019-11-08T02:51:52.571590Z 0 [Note] Shutting down plugin 'mysql_native_password'
2019-11-08T02:51:52.571590Z 0 [Note] Shutting down plugin 'binlog'
2019-11-08T02:51:52.571590Z 0 [Note] MySQL: Shutdown complete

